<?xml version="1.0" encoding="UTF-8"?>
<robot generator="Robot 6.1.1 (Python 3.11.5 on darwin)" generated="20230927 11:22:56.544" rpa="false" schemaversion="4">
<suite id="s1" name="testDemo5" source="/Users/lisandrodossantossilvafernando/Desktop/Robot Framework Python/tests/testDemo5.robot">
<test id="s1-t1" name="validate UnSuccessful login" line="15">
<kw name="open the broswer with the Ecomerce payment url">
<kw name="Create Webdriver" library="SeleniumLibrary">
<arg>Firefox</arg>
<arg>executable_path=/Users/lisandrodossantossilvafernando/Downloads/geckodriver</arg>
<doc>Creates an instance of Selenium WebDriver.</doc>
<msg timestamp="20230927 11:22:56.650" level="INFO">Creating an instance of the Firefox WebDriver.</msg>
<status status="PASS" starttime="20230927 11:22:56.650" endtime="20230927 11:23:01.110"/>
</kw>
<kw name="Go To" library="SeleniumLibrary">
<arg>url=https://rahulshettyacademy.com/loginpagePractise/</arg>
<doc>Navigates the current browser window to the provided ``url``.</doc>
<msg timestamp="20230927 11:23:01.111" level="INFO">Opening url 'https://rahulshettyacademy.com/loginpagePractise/'</msg>
<status status="PASS" starttime="20230927 11:23:01.111" endtime="20230927 11:23:02.796"/>
</kw>
<status status="PASS" starttime="20230927 11:22:56.650" endtime="20230927 11:23:02.796"/>
</kw>
<kw name="Fill the Login Form">
<kw name="Input Text" library="SeleniumLibrary">
<arg>id:username</arg>
<arg>lisandrodossantossilvafernando</arg>
<doc>Types the given ``text`` into the text field identified by ``locator``.</doc>
<msg timestamp="20230927 11:23:02.797" level="INFO">Typing text 'lisandrodossantossilvafernando' into text field 'id:username'.</msg>
<status status="PASS" starttime="20230927 11:23:02.796" endtime="20230927 11:23:03.079"/>
</kw>
<kw name="Input Password" library="SeleniumLibrary">
<arg>id:password</arg>
<arg>123456</arg>
<doc>Types the given password into the text field identified by ``locator``.</doc>
<msg timestamp="20230927 11:23:03.079" level="INFO">Typing password into text field 'id:password'.</msg>
<msg timestamp="20230927 11:23:03.086" level="INFO">Temporally setting log level to: NONE</msg>
<msg timestamp="20230927 11:23:03.108" level="INFO">Log level changed from NONE to INFO.</msg>
<status status="PASS" starttime="20230927 11:23:03.079" endtime="20230927 11:23:03.108"/>
</kw>
<kw name="Click Button" library="SeleniumLibrary">
<arg>id:signInBtn</arg>
<doc>Clicks the button identified by ``locator``.</doc>
<msg timestamp="20230927 11:23:03.108" level="INFO">Clicking button 'id:signInBtn'.</msg>
<status status="PASS" starttime="20230927 11:23:03.108" endtime="20230927 11:23:03.395"/>
</kw>
<status status="PASS" starttime="20230927 11:23:02.796" endtime="20230927 11:23:03.395"/>
</kw>
<kw name="wait until it checks and display error message">
<kw name="Wait Until Element Is Visible" library="SeleniumLibrary">
<arg>${ErrorMessageLogin}</arg>
<doc>Waits until the element ``locator`` is visible.</doc>
<status status="PASS" starttime="20230927 11:23:03.396" endtime="20230927 11:23:05.230"/>
</kw>
<status status="PASS" starttime="20230927 11:23:03.395" endtime="20230927 11:23:05.230"/>
</kw>
<kw name=" verify error message is correct">
<kw name="Get Text" library="SeleniumLibrary">
<var>${result}</var>
<arg>${ErrorMessageLogin}</arg>
<doc>Returns the text value of the element identified by ``locator``.</doc>
<msg timestamp="20230927 11:23:05.257" level="INFO">${result} = Incorrect username/password.</msg>
<status status="PASS" starttime="20230927 11:23:05.231" endtime="20230927 11:23:05.257"/>
</kw>
<kw name="Should Be Equal As Strings" library="BuiltIn">
<arg>${result}</arg>
<arg>Incorrect username/password.</arg>
<doc>Fails if objects are unequal after converting them to strings.</doc>
<status status="PASS" starttime="20230927 11:23:05.257" endtime="20230927 11:23:05.257"/>
</kw>
<status status="PASS" starttime="20230927 11:23:05.230" endtime="20230927 11:23:05.257"/>
</kw>
<kw name="Hello World">
<msg timestamp="20230927 11:23:05.258" level="FAIL">No keyword with name 'Hello World' found.</msg>
<status status="FAIL" starttime="20230927 11:23:05.258" endtime="20230927 11:23:05.258"/>
</kw>
<kw name="Close Browser" library="SeleniumLibrary" type="TEARDOWN">
<doc>Closes the current browser.</doc>
<status status="PASS" starttime="20230927 11:23:05.259" endtime="20230927 11:23:05.998"/>
</kw>
<status status="FAIL" starttime="20230927 11:22:56.650" endtime="20230927 11:23:05.998">No keyword with name 'Hello World' found.</status>
</test>
<doc>To validate the login form</doc>
<status status="FAIL" starttime="20230927 11:22:56.544" endtime="20230927 11:23:05.998"/>
</suite>
<statistics>
<total>
<stat pass="0" fail="1" skip="0">All Tests</stat>
</total>
<tag>
</tag>
<suite>
<stat pass="0" fail="1" skip="0" id="s1" name="testDemo5">testDemo5</stat>
</suite>
</statistics>
<errors>
<msg timestamp="20230927 11:22:56.649" level="ERROR">Error in file '/Users/lisandrodossantossilvafernando/Desktop/Robot Framework Python/tests/testDemo5.robot' on line 6: Importing library '/Users/lisandrodossantossilvafernando/Desktop/Robot Framework Python/tests/customLibrary/Shop.py' failed: TypeError: 'module' object is not callable
Traceback (most recent call last):
  File "/Users/lisandrodossantossilvafernando/Desktop/Robot Framework Python/tests/customLibrary/Shop.py", line 8, in &lt;module&gt;
    class Shop():
  File "/Users/lisandrodossantossilvafernando/Desktop/Robot Framework Python/tests/customLibrary/Shop.py", line 12, in Shop
    @keyword
     ^^^^^^^
PYTHONPATH:
  /Users/lisandrodossantossilvafernando/Desktop/Robot Framework Python/tests/customLibrary
  /opt/homebrew/bin
  /opt/homebrew/Cellar/python@3.11/3.11.5/Frameworks/Python.framework/Versions/3.11/lib/python311.zip
  /opt/homebrew/Cellar/python@3.11/3.11.5/Frameworks/Python.framework/Versions/3.11/lib/python3.11
  /opt/homebrew/Cellar/python@3.11/3.11.5/Frameworks/Python.framework/Versions/3.11/lib/python3.11/lib-dynload
  /Users/lisandrodossantossilvafernando/Library/Python/3.11/lib/python/site-packages
  /opt/homebrew/lib/python3.11/site-packages</msg>
</errors>
</robot>
